OpenJDK 64-Bit Server VM warning: ignoring option MaxPermSize=350m; support was removed in 8.0
Looking in classpath from com.intellij.util.lang.UrlClassLoader@2077d4de for /com/sun/jna/linux-x86-64/libjnidispatch.so
Found library resource at jar:file:/home/ted/progtools/android-studio/lib/jna.jar!/com/sun/jna/linux-x86-64/libjnidispatch.so
Trying /home/ted/.AndroidStudio2.2/system/tmp/jna1695563983139807394.tmp
Found jnidispatch at /home/ted/.AndroidStudio2.2/system/tmp/jna1695563983139807394.tmp
[5949189]  ERROR - roject.impl.ProjectManagerImpl - Assertion failed 
java.lang.Throwable
	at com.intellij.openapi.diagnostic.Logger.assertTrue(Logger.java:158)
	at com.intellij.openapi.diagnostic.Logger.assertTrue(Logger.java:167)
	at com.intellij.openapi.project.impl.ProjectManagerImpl.removeProjectManagerListener(ProjectManagerImpl.java:694)
	at com.intellij.openapi.wm.impl.welcomeScreen.FlatWelcomeFrame.dispose(FlatWelcomeFrame.java:140)
	at com.intellij.openapi.util.Disposer$1.execute(Disposer.java:48)
	at com.intellij.openapi.util.Disposer$1.execute(Disposer.java:44)
	at com.intellij.openapi.util.objectTree.ObjectNode$1.execute(ObjectNode.java:132)
	at com.intellij.openapi.util.objectTree.ObjectNode$1.execute(ObjectNode.java:106)
	at com.intellij.openapi.util.objectTree.ObjectTree.executeActionWithRecursiveGuard(ObjectTree.java:142)
	at com.intellij.openapi.util.objectTree.ObjectNode.execute(ObjectNode.java:106)
	at com.intellij.openapi.util.objectTree.ObjectNode$1.execute(ObjectNode.java:122)
	at com.intellij.openapi.util.objectTree.ObjectNode$1.execute(ObjectNode.java:106)
	at com.intellij.openapi.util.objectTree.ObjectTree.executeActionWithRecursiveGuard(ObjectTree.java:142)
	at com.intellij.openapi.util.objectTree.ObjectNode.execute(ObjectNode.java:106)
	at com.intellij.openapi.util.objectTree.ObjectTree.executeAll(ObjectTree.java:128)
	at com.intellij.openapi.util.Disposer.dispose(Disposer.java:119)
	at com.intellij.openapi.util.Disposer.dispose(Disposer.java:115)
	at com.intellij.openapi.application.impl.ApplicationImpl$7.run(ApplicationImpl.java:300)
	at com.intellij.openapi.application.impl.ApplicationImpl.runWriteAction(ApplicationImpl.java:1009)
	at com.intellij.openapi.application.impl.ApplicationImpl.disposeSelf(ApplicationImpl.java:297)
	at com.intellij.openapi.application.impl.ApplicationImpl.doExit(ApplicationImpl.java:858)
	at com.intellij.openapi.application.impl.ApplicationImpl.access$1000(ApplicationImpl.java:92)
	at com.intellij.openapi.application.impl.ApplicationImpl$16.run(ApplicationImpl.java:834)
	at com.intellij.openapi.application.impl.ApplicationImpl.exit(ApplicationImpl.java:840)
	at com.intellij.openapi.application.impl.ApplicationImpl.exit(ApplicationImpl.java:789)
	at com.intellij.openapi.application.impl.ApplicationImpl.exit(ApplicationImpl.java:784)
	at com.intellij.openapi.wm.impl.welcomeScreen.WelcomeFrame$3$1.run(WelcomeFrame.java:132)
	at com.intellij.openapi.application.impl.LaterInvocator$FlushQueue.runNextEvent(LaterInvocator.java:345)
	at com.intellij.openapi.application.impl.LaterInvocator$FlushQueue.run(LaterInvocator.java:329)
	at java.awt.event.InvocationEvent.dispatch(InvocationEvent.java:311)
	at java.awt.EventQueue.dispatchEventImpl(EventQueue.java:756)
	at java.awt.EventQueue.access$500(EventQueue.java:97)
	at java.awt.EventQueue$3.run(EventQueue.java:709)
	at java.awt.EventQueue$3.run(EventQueue.java:703)
	at java.security.AccessController.doPrivileged(Native Method)
	at java.security.ProtectionDomain$JavaSecurityAccessImpl.doIntersectionPrivilege(ProtectionDomain.java:76)
	at java.awt.EventQueue.dispatchEvent(EventQueue.java:726)
	at com.intellij.ide.IdeEventQueue.defaultDispatchEvent(IdeEventQueue.java:857)
	at com.intellij.ide.IdeEventQueue._dispatchEvent(IdeEventQueue.java:658)
	at com.intellij.ide.IdeEventQueue.dispatchEvent(IdeEventQueue.java:386)
	at java.awt.EventDispatchThread.pumpOneEventForFilters(EventDispatchThread.java:201)
	at java.awt.EventDispatchThread.pumpEventsForFilter(EventDispatchThread.java:116)
	at java.awt.EventDispatchThread.pumpEventsForHierarchy(EventDispatchThread.java:105)
	at java.awt.EventDispatchThread.pumpEvents(EventDispatchThread.java:101)
	at java.awt.EventDispatchThread.pumpEvents(EventDispatchThread.java:93)
	at java.awt.EventDispatchThread.run(EventDispatchThread.java:82)
[5949194]  ERROR - roject.impl.ProjectManagerImpl - Android Studio 2.2.2  Build #AI-145.3360264 
[5949194]  ERROR - roject.impl.ProjectManagerImpl - JDK: 1.8.0_76-release 
[5949195]  ERROR - roject.impl.ProjectManagerImpl - VM: OpenJDK 64-Bit Server VM 
[5949195]  ERROR - roject.impl.ProjectManagerImpl - Vendor: JetBrains s.r.o 
[5949195]  ERROR - roject.impl.ProjectManagerImpl - OS: Linux 
[5949195]  ERROR - roject.impl.ProjectManagerImpl - Last Action:  
